<?xml version="1.0" encoding="UTF-8"?>
<testsuite xmlns:xsi="http://www.w3.org/2001/XMLSchema-instance" xsi:noNamespaceSchemaLocation="https://maven.apache.org/surefire/maven-surefire-plugin/xsd/surefire-test-report-3.0.xsd" version="3.0" name="com.example.main.controllers.MainViewControllerTest" time="0.21" tests="1" errors="0" skipped="0" failures="0">
  <properties>
[...]
</properties>
  <testcase name="should_delete_last_position_in_list" classname="com.example.main.controllers.MainViewControllerTest" time="0.199">
    <system-out><![CDATA[button pressed
[com.example.main.models.SquareModel@5f20155b, com.example.main.models.SquareModel@72ade7e3]
[com.example.main.models.SquareModel@5f20155b]
]]></system-out>
  </testcase>
</testsuite>